<?xml version="1.0" encoding="UTF-8"?>
<testsuite xmlns:xsi="http://www.w3.org/2001/XMLSchema-instance" xsi:noNamespaceSchemaLocation="https://maven.apache.org/surefire/maven-surefire-plugin/xsd/surefire-test-report.xsd" name="devops.mentorship.program.s3webappdemo.controller.UserControllerTest" time="1.327" tests="3" errors="0" skipped="0" failures="0">
  <properties>
[...]
</properties>
  <testcase name="testUsers" classname="devops.mentorship.program.s3webappdemo.controller.UserControllerTest" time="1.201"/>
  <testcase name="testUser" classname="devops.mentorship.program.s3webappdemo.controller.UserControllerTest" time="0.074"/>
  <testcase name="testUserNotFound" classname="devops.mentorship.program.s3webappdemo.controller.UserControllerTest" time="0.032"/>
</testsuite>